<?xml version="1.0" encoding="UTF-8"?>
<!-- Generated by org.testng.reporters.JUnitReportReporter -->
<testsuite hostname="DESKTOP-J57JIDL" failures="0" tests="5" name="nimap.ntts.test.LoginPageValidation" time="15.712" errors="0" timestamp="2023-07-31T12:10:06 IST" skipped="0">
  <testcase classname="nimap.ntts.test.LoginPageValidation" name="loginWithValidCredentials" time="1.189"/>
  <testcase classname="nimap.ntts.test.LoginPageValidation" name="openUrlInBrowser" time="10.497"/>
  <testcase classname="nimap.ntts.test.LoginPageValidation" name="loginSuccessfulMsgValidation" time="3.279"/>
  <testcase classname="nimap.ntts.test.LoginPageValidation" name="goToMastersMenu" time="0.345"/>
  <testcase classname="nimap.ntts.test.LoginPageValidation" name="openUserSubMenu" time="0.402"/>
</testsuite> <!-- nimap.ntts.test.LoginPageValidation -->
