<?xml version="1.0" encoding="UTF-8"?>
<!-- Generated by org.testng.reporters.JUnitReportReporter -->
<testsuite hostname="DESKTOP-J57JIDL" failures="0" tests="1" name="cucumberOptions.FailedTestRunner" time="13.233" errors="0" timestamp="2023-08-11T15:44:03 IST" skipped="0">
  <testcase classname="cucumberOptions.FailedTestRunner" name="runScenario" time="13.233"/>
</testsuite> <!-- cucumberOptions.FailedTestRunner -->
